
> vibe-generated-app@1.0.0 dev
> vite build && vite preview --host 0.0.0.0 --port 3000 --strictPort

vite v5.4.20 building for production...
transforming...
✓ 1515 modules transformed.
rendering chunks...
computing gzip size...
dist/index.html                                         1.02 kB │ gzip:   0.47 kB
dist/assets/index-DNbdp1mY.css                         25.47 kB │ gzip:   5.48 kB
dist/assets/howler-DCW7Fg-8.js                         27.09 kB │ gzip:   8.15 kB
dist/assets/navmesh-BFd9Mv4x.js                        55.09 kB │ gzip:  11.02 kB
dist/assets/boolean-DBCsdfyP.js                        56.50 kB │ gzip:  19.68 kB
dist/assets/process-B9H0U9ag.js                        67.74 kB │ gzip:  23.01 kB
dist/assets/gaussian-splat-compression-BblNKJdU.js     82.55 kB │ gzip:  23.40 kB
dist/assets/ui-Ds7EeOeb.js                             91.97 kB │ gzip:  28.89 kB
dist/assets/opentype-D6jUvuOk.js                      171.88 kB │ gzip:  50.27 kB
dist/assets/index-HTVipIpB.js                         246.85 kB │ gzip:  71.46 kB
dist/assets/physics-BM4kW-A5.js                     1,987.51 kB │ gzip: 722.69 kB
dist/assets/SplineCanvas-CE6VZCdk.js                2,032.23 kB │ gzip: 580.04 kB

(!) Some chunks are larger than 500 kB after minification. Consider:
- Using dynamic import() to code-split the application
- Use build.rollupOptions.output.manualChunks to improve chunking: https://rollupjs.org/configuration-options/#output-manualchunks
- Adjust chunk size limit for this warning via build.chunkSizeWarningLimit.
✓ built in 7.43s
  ➜  Local:   http://localhost:3000/
  ➜  Network: http://172.20.50.33:3000/
